<?xml version="1.0" encoding="UTF-8"?>
<testsuite xmlns:xsi="http://www.w3.org/2001/XMLSchema-instance" xsi:noNamespaceSchemaLocation="https://maven.apache.org/surefire/maven-surefire-plugin/xsd/surefire-test-report.xsd" version="3.0.2" name="com.rentify.reviewService.controller.ReviewControllerIntegrationTest" time="14.853" tests="6" errors="0" skipped="0" failures="0">
  <properties>
[...]
</properties>
  <testcase name="crearResena_PropiedadNoExiste_RetornaError" classname="Tests de IntegraciÃ³n - ReviewController" time="0.715">
    <system-out><![CDATA[03:34:56.242 [main] INFO org.springframework.test.context.support.AnnotationConfigContextLoaderUtils -- Could not detect default configuration classes for test class [com.rentify.reviewService.controller.ReviewControllerIntegrationTest]: ReviewControllerIntegrationTest does not declare any static, non-private, non-final, nested classes annotated with @Configuration.
03:34:56.507 [main] INFO org.springframework.boot.test.context.SpringBootTestContextBootstrapper -- Found @SpringBootConfiguration com.rentify.reviewService.ReviewServiceApplication for test class com.rentify.reviewService.controller.ReviewControllerIntegrationTest
03:34:56.750 [main] INFO org.springframework.boot.devtools.restart.RestartApplicationListener -- Restart disabled due to context in which it is running

  .   ____          _            __ _ _
 /\\ / ___'_ __ _ _(_)_ __  __ _ \ \ \ \
( ( )\___ | '_ | '_| | '_ \/ _` | \ \ \ \
 \\/  ___)| |_)| | | | | || (_| |  ) ) ) )
  '  |____| .__|_| |_|_| |_\__, | / / / /
 =========|_|==============|___/=/_/_/_/

 :: Spring Boot ::                (v3.5.6)

2026-06-24T03:34:57.292-04:00  INFO 4212 --- [reviewService] [           main] c.r.r.c.ReviewControllerIntegrationTest  : Starting ReviewControllerIntegrationTest using Java 17.0.19 with PID 4212 (started by AM-FX4100 in C:\Users\AM-FX4100\Documents\GitHub\LeaseFlow\reviewService)
2026-06-24T03:34:57.293-04:00 DEBUG 4212 --- [reviewService] [           main] c.r.r.c.ReviewControllerIntegrationTest  : Running with Spring Boot v3.5.6, Spring v6.2.11
2026-06-24T03:34:57.294-04:00  INFO 4212 --- [reviewService] [           main] c.r.r.c.ReviewControllerIntegrationTest  : The following 1 profile is active: "test"
2026-06-24T03:34:59.305-04:00  INFO 4212 --- [reviewService] [           main] .s.d.r.c.RepositoryConfigurationDelegate : Bootstrapping Spring Data JPA repositories in DEFAULT mode.
2026-06-24T03:34:59.410-04:00  INFO 4212 --- [reviewService] [           main] .s.d.r.c.RepositoryConfigurationDelegate : Finished Spring Data repository scanning in 87 ms. Found 2 JPA repository interfaces.
2026-06-24T03:35:01.947-04:00  INFO 4212 --- [reviewService] [           main] o.hibernate.jpa.internal.util.LogHelper  : HHH000204: Processing PersistenceUnitInfo [name: default]
2026-06-24T03:35:02.098-04:00  INFO 4212 --- [reviewService] [           main] org.hibernate.Version                    : HHH000412: Hibernate ORM core version 6.6.29.Final
2026-06-24T03:35:02.277-04:00  INFO 4212 --- [reviewService] [           main] o.h.c.internal.RegionFactoryInitiator    : HHH000026: Second-level cache disabled
2026-06-24T03:35:02.588-04:00  INFO 4212 --- [reviewService] [           main] o.s.o.j.p.SpringPersistenceUnitInfo      : No LoadTimeWeaver setup: ignoring JPA class transformer
2026-06-24T03:35:02.662-04:00  INFO 4212 --- [reviewService] [           main] com.zaxxer.hikari.HikariDataSource       : HikariPool-1 - Starting...
2026-06-24T03:35:03.185-04:00  INFO 4212 --- [reviewService] [           main] com.zaxxer.hikari.pool.HikariPool        : HikariPool-1 - Added connection conn0: url=jdbc:h2:mem:testdb user=SA
2026-06-24T03:35:03.189-04:00  INFO 4212 --- [reviewService] [           main] com.zaxxer.hikari.HikariDataSource       : HikariPool-1 - Start completed.
2026-06-24T03:35:03.249-04:00  WARN 4212 --- [reviewService] [           main] org.hibernate.orm.deprecation            : HHH90000025: H2Dialect does not need to be specified explicitly using 'hibernate.dialect' (remove the property setting and it will be selected by default)
2026-06-24T03:35:03.320-04:00  INFO 4212 --- [reviewService] [           main] org.hibernate.orm.connections.pooling    : HHH10001005: Database info:
	Database JDBC URL [Connecting through datasource 'HikariDataSource (HikariPool-1)']
	Database driver: undefined/unknown
	Database version: 2.3.232
	Autocommit mode: undefined/unknown
	Isolation level: undefined/unknown
	Minimum pool size: undefined/unknown
	Maximum pool size: undefined/unknown
2026-06-24T03:35:04.945-04:00  INFO 4212 --- [reviewService] [           main] o.h.e.t.j.p.i.JtaPlatformInitiator       : HHH000489: No JTA platform available (set 'hibernate.transaction.jta.platform' to enable JTA platform integration)
2026-06-24T03:35:04.978-04:00 DEBUG 4212 --- [reviewService] [           main] org.hibernate.SQL                        : 
    drop table if exists resenas cascade 
2026-06-24T03:35:04.985-04:00 DEBUG 4212 --- [reviewService] [           main] org.hibernate.SQL                        : 
    drop table if exists tipo_resena cascade 
2026-06-24T03:35:04.994-04:00 DEBUG 4212 --- [reviewService] [           main] org.hibernate.SQL                        : 
    create table resenas (
        puntaje integer not null check ((puntaje>=1) and (puntaje<=10)),
        fecha_baneo timestamp(6),
        fecha_resena timestamp(6) not null,
        id bigint generated by default as identity,
        propiedad_id bigint,
        tipo_resena_id bigint not null,
        usuario_id bigint not null,
        usuario_resenado_id bigint,
        estado varchar(20),
        comentario varchar(500),
        primary key (id)
    )
2026-06-24T03:35:05.019-04:00 DEBUG 4212 --- [reviewService] [           main] org.hibernate.SQL                        : 
    create table tipo_resena (
        id bigint generated by default as identity,
        nombre varchar(60) not null unique,
        primary key (id)
    )
2026-06-24T03:35:05.030-04:00  INFO 4212 --- [reviewService] [           main] j.LocalContainerEntityManagerFactoryBean : Initialized JPA EntityManagerFactory for persistence unit 'default'
2026-06-24T03:35:05.694-04:00  INFO 4212 --- [reviewService] [           main] o.s.d.j.r.query.QueryEnhancerFactory     : Hibernate is in classpath; If applicable, HQL parser will be used.
2026-06-24T03:35:08.046-04:00  INFO 4212 --- [reviewService] [           main] o.s.b.a.e.web.EndpointLinksResolver      : Exposing 0 endpoints beneath base path '/actuator'
2026-06-24T03:35:08.116-04:00  WARN 4212 --- [reviewService] [           main] .s.s.UserDetailsServiceAutoConfiguration : 

Using generated security password: 1cef5b5e-aa16-4115-bd52-f453df2b9071

This generated password is for development use only. Your security configuration must be updated before running your application in production.

2026-06-24T03:35:08.130-04:00  INFO 4212 --- [reviewService] [           main] r$InitializeUserDetailsManagerConfigurer : Global AuthenticationManager configured with UserDetailsService bean with name inMemoryUserDetailsManager
2026-06-24T03:35:09.326-04:00  INFO 4212 --- [reviewService] [           main] o.s.b.t.m.w.SpringBootMockServletContext : Initializing Spring TestDispatcherServlet ''
2026-06-24T03:35:09.326-04:00  INFO 4212 --- [reviewService] [           main] o.s.t.web.servlet.TestDispatcherServlet  : Initializing Servlet ''
2026-06-24T03:35:09.330-04:00  INFO 4212 --- [reviewService] [           main] o.s.t.web.servlet.TestDispatcherServlet  : Completed initialization in 3 ms
2026-06-24T03:35:09.524-04:00  INFO 4212 --- [reviewService] [           main] c.r.r.c.ReviewControllerIntegrationTest  : Started ReviewControllerIntegrationTest in 12.79 seconds (process running for 23.456)
2026-06-24T03:35:09.785-04:00 DEBUG 4212 --- [reviewService] [           main] org.hibernate.SQL                        : 
    insert 
    into
        tipo_resena
        (nombre, id) 
    values
        (?, default)
2026-06-24T03:35:10.281-04:00  INFO 4212 --- [reviewService] [           main] c.r.r.service.ReviewServiceImpl          : Creando nueva reseÃ±a para usuario 1
2026-06-24T03:35:10.302-04:00 ERROR 4212 --- [reviewService] [           main] c.r.r.exception.GlobalExceptionHandler   : Error de validaciÃ³n de negocio: La propiedad con ID 99 no existe
]]></system-out>
  </testcase>
  <testcase name="crearResena_UsuarioEsDueno_RetornaError" classname="Tests de IntegraciÃ³n - ReviewController" time="0.177">
    <system-out><![CDATA[2026-06-24T03:35:10.372-04:00 DEBUG 4212 --- [reviewService] [           main] org.hibernate.SQL                        : 
    insert 
    into
        tipo_resena
        (nombre, id) 
    values
        (?, default)
2026-06-24T03:35:10.381-04:00  INFO 4212 --- [reviewService] [           main] c.r.r.service.ReviewServiceImpl          : Creando nueva reseÃ±a para usuario 1
2026-06-24T03:35:10.496-04:00 DEBUG 4212 --- [reviewService] [           main] org.hibernate.SQL                        : 
    select
        r1_0.id 
    from
        resenas r1_0 
    where
        r1_0.usuario_id=? 
        and r1_0.propiedad_id=? 
    fetch
        first ? rows only
2026-06-24T03:35:10.511-04:00 ERROR 4212 --- [reviewService] [           main] c.r.r.exception.GlobalExceptionHandler   : Error de validaciÃ³n de negocio: Un propietario no puede reseÃ±ar su propia propiedad
]]></system-out>
  </testcase>
  <testcase name="crearResena_DeberiaRetornar201_CuandoDatosYDependenciasSonValidos" classname="Tests de IntegraciÃ³n - ReviewController" time="0.231">
    <system-out><![CDATA[2026-06-24T03:35:10.567-04:00 DEBUG 4212 --- [reviewService] [           main] org.hibernate.SQL                        : 
    insert 
    into
        tipo_resena
        (nombre, id) 
    values
        (?, default)
2026-06-24T03:35:10.588-04:00  INFO 4212 --- [reviewService] [           main] c.r.r.service.ReviewServiceImpl          : Creando nueva reseÃ±a para usuario 1
2026-06-24T03:35:10.593-04:00 DEBUG 4212 --- [reviewService] [           main] org.hibernate.SQL                        : 
    select
        r1_0.id 
    from
        resenas r1_0 
    where
        r1_0.usuario_id=? 
        and r1_0.propiedad_id=? 
    fetch
        first ? rows only
2026-06-24T03:35:10.642-04:00 DEBUG 4212 --- [reviewService] [           main] org.hibernate.SQL                        : 
    insert 
    into
        resenas
        (comentario, estado, fecha_baneo, fecha_resena, propiedad_id, puntaje, tipo_resena_id, usuario_id, usuario_resenado_id, id) 
    values
        (?, ?, ?, ?, ?, ?, ?, ?, ?, default)
2026-06-24T03:35:10.646-04:00  INFO 4212 --- [reviewService] [           main] c.r.r.service.ReviewServiceImpl          : ReseÃ±a creada exitosamente con ID: 1
]]></system-out>
  </testcase>
  <testcase name="crearResena_PuntajeFueraDeRango_Retorna400" classname="Tests de IntegraciÃ³n - ReviewController" time="0.063">
    <system-out><![CDATA[2026-06-24T03:35:10.796-04:00 DEBUG 4212 --- [reviewService] [           main] org.hibernate.SQL                        : 
    insert 
    into
        tipo_resena
        (nombre, id) 
    values
        (?, default)
]]></system-out>
  </testcase>
  <testcase name="crearResena_DeberiaRetornar400_CuandoComentarioEsMuyCorto" classname="Tests de IntegraciÃ³n - ReviewController" time="0.025">
    <system-out><![CDATA[2026-06-24T03:35:10.856-04:00 DEBUG 4212 --- [reviewService] [           main] org.hibernate.SQL                        : 
    insert 
    into
        tipo_resena
        (nombre, id) 
    values
        (?, default)
]]></system-out>
  </testcase>
  <testcase name="crearResena_SinCabeceras_Retorna401" classname="Tests de IntegraciÃ³n - ReviewController" time="0.03">
    <system-out><![CDATA[2026-06-24T03:35:10.887-04:00 DEBUG 4212 --- [reviewService] [           main] org.hibernate.SQL                        : 
    insert 
    into
        tipo_resena
        (nombre, id) 
    values
        (?, default)
2026-06-24T03:35:10.895-04:00  WARN 4212 --- [reviewService] [           main] c.r.r.controller.ReviewController        : Intento de acceso no autorizado a POST /api/reviews
]]></system-out>
  </testcase>
</testsuite>