<?xml version="1.0" encoding="UTF-8"?>
<testsuite xmlns:xsi="http://www.w3.org/2001/XMLSchema-instance" xsi:noNamespaceSchemaLocation="https://maven.apache.org/surefire/maven-surefire-plugin/xsd/surefire-test-report.xsd" version="3.0.2" name="com.rentify.documentService.controller.DocumentoServiceIntegrationTest" time="9.268" tests="4" errors="0" skipped="0" failures="0">
  <properties>
[...]
</properties>
  <testcase name="crearDocumento_UsuarioNoExiste_RetornaError" classname="Tests de IntegraciÃ³n - DocumentoService (Robustos)" time="0.205">
    <system-out><![CDATA[2026-06-24 03:32:18 - Could not detect default configuration classes for test class [com.rentify.documentService.controller.DocumentoServiceIntegrationTest]: DocumentoServiceIntegrationTest does not declare any static, non-private, non-final, nested classes annotated with @Configuration.
2026-06-24 03:32:18 - Found @SpringBootConfiguration com.rentify.documentService.DocumentServiceApplication for test class com.rentify.documentService.controller.DocumentoServiceIntegrationTest
2026-06-24 03:32:18 - Restart disabled due to context in which it is running

  .   ____          _            __ _ _
 /\\ / ___'_ __ _ _(_)_ __  __ _ \ \ \ \
( ( )\___ | '_ | '_| | '_ \/ _` | \ \ \ \
 \\/  ___)| |_)| | | | | || (_| |  ) ) ) )
  '  |____| .__|_| |_|_| |_\__, | / / / /
 =========|_|==============|___/=/_/_/_/

 :: Spring Boot ::                (v3.5.6)

2026-06-24 03:32:18 - Starting DocumentoServiceIntegrationTest using Java 17.0.19 with PID 8400 (started by AM-FX4100 in C:\Users\AM-FX4100\Documents\GitHub\LeaseFlow\documentService)
2026-06-24 03:32:18 - Running with Spring Boot v3.5.6, Spring v6.2.11
2026-06-24 03:32:18 - The following 1 profile is active: "test"
2026-06-24 03:32:18 - Refreshing org.springframework.web.context.support.GenericWebApplicationContext@5f233f9
2026-06-24 03:32:19 - Bootstrapping Spring Data JPA repositories in DEFAULT mode.
2026-06-24 03:32:19 - Finished Spring Data repository scanning in 74 ms. Found 3 JPA repository interfaces.
2026-06-24 03:32:20 - HHH000204: Processing PersistenceUnitInfo [name: default]
2026-06-24 03:32:20 - HHH000412: Hibernate ORM core version 6.6.29.Final
2026-06-24 03:32:20 - HHH000026: Second-level cache disabled
2026-06-24 03:32:21 - No LoadTimeWeaver setup: ignoring JPA class transformer
2026-06-24 03:32:21 - HikariPool-1 - Starting...
2026-06-24 03:32:21 - HikariPool-1 - Added connection conn0: url=jdbc:h2:mem:testdb user=SA
2026-06-24 03:32:21 - HikariPool-1 - Start completed.
2026-06-24 03:32:21 - HHH90000025: MySQL8Dialect does not need to be specified explicitly using 'hibernate.dialect' (remove the property setting and it will be selected by default)
2026-06-24 03:32:21 - HHH90000026: MySQL8Dialect has been deprecated; use org.hibernate.dialect.MySQLDialect instead
2026-06-24 03:32:21 - HHH10001005: Database info:
	Database JDBC URL [Connecting through datasource 'HikariDataSource (HikariPool-1)']
	Database driver: undefined/unknown
	Database version: 8.0
	Autocommit mode: undefined/unknown
	Isolation level: undefined/unknown
	Minimum pool size: undefined/unknown
	Maximum pool size: undefined/unknown
2026-06-24 03:32:22 - HHH000489: No JTA platform available (set 'hibernate.transaction.jta.platform' to enable JTA platform integration)
2026-06-24 03:32:22 - 
    drop table if exists documentos
2026-06-24 03:32:22 - 
    drop table if exists estado
2026-06-24 03:32:22 - 
    drop table if exists tipo_doc
2026-06-24 03:32:22 - 
    create table documentos (
        estado_id bigint not null,
        f_actualizacion datetime(6),
        f_subido datetime(6) not null,
        id bigint not null auto_increment,
        revisado_por bigint,
        tipo_doc_id bigint not null,
        usuarios_id bigint not null,
        nombre varchar(60) not null,
        observaciones varchar(500),
        primary key (id)
    ) engine=InnoDB
2026-06-24 03:32:22 - 
    create table estado (
        id bigint not null auto_increment,
        nombre varchar(20) not null,
        primary key (id)
    ) engine=InnoDB
2026-06-24 03:32:22 - 
    create table tipo_doc (
        id bigint not null auto_increment,
        nombre varchar(60) not null,
        primary key (id)
    ) engine=InnoDB
2026-06-24 03:32:22 - Initialized JPA EntityManagerFactory for persistence unit 'default'
2026-06-24 03:32:23 - Hibernate is in classpath; If applicable, HQL parser will be used.
2026-06-24 03:32:25 - spring.jpa.open-in-view is enabled by default. Therefore, database queries may be performed during view rendering. Explicitly configure spring.jpa.open-in-view to disable this warning
2026-06-24 03:32:25 - 25 mappings in 'requestMappingHandlerMapping'
2026-06-24 03:32:25 - Patterns [/webjars/**, /**, /swagger-ui*/*swagger-initializer.js, /swagger-ui*/**] in 'resourceHandlerMapping'
2026-06-24 03:32:25 - Exposing 0 endpoints beneath base path '/actuator'
2026-06-24 03:32:25 - 

Using generated security password: e3b6317e-a543-4d61-a0cc-21475ff3af19

This generated password is for development use only. Your security configuration must be updated before running your application in production.

2026-06-24 03:32:25 - Global AuthenticationManager configured with UserDetailsService bean with name inMemoryUserDetailsManager
2026-06-24 03:32:25 - ControllerAdvice beans: 0 @ModelAttribute, 0 @InitBinder, 1 RequestBodyAdvice, 1 ResponseBodyAdvice
2026-06-24 03:32:25 - ControllerAdvice beans: 2 @ExceptionHandler, 1 ResponseBodyAdvice
2026-06-24 03:32:26 - Initializing Spring TestDispatcherServlet ''
2026-06-24 03:32:26 - Initializing Servlet ''
2026-06-24 03:32:26 - Completed initialization in 1 ms
2026-06-24 03:32:26 - Started DocumentoServiceIntegrationTest in 8.176 seconds (process running for 30.904)
2026-06-24 03:32:26 - ========================================================
2026-06-24 03:32:26 - INICIANDO POBLADO DE DATOS MAESTROS - DOCUMENT SERVICE
2026-06-24 03:32:26 - ========================================================
2026-06-24 03:32:26 - Verificando estados de documentos...
2026-06-24 03:32:26 - 
    select
        count(*) 
    from
        estado e1_0
2026-06-24 03:32:26 - Estados ya existen (4 registros). Saltando inicializacion.
2026-06-24 03:32:26 - Verificando tipos de documentos...
2026-06-24 03:32:26 - 
    select
        count(*) 
    from
        tipo_doc td1_0
2026-06-24 03:32:26 - Tipos de documento ya existen (6 registros). Saltando inicializacion.
2026-06-24 03:32:26 - ========================================================
2026-06-24 03:32:26 - INICIALIZACION COMPLETADA - DOCUMENT SERVICE
2026-06-24 03:32:26 - ========================================================
2026-06-24 03:32:26 - Resumen de datos:
2026-06-24 03:32:26 - 
    select
        count(*) 
    from
        estado e1_0
2026-06-24 03:32:26 -   - Estados: 4 registros
2026-06-24 03:32:26 - 
    select
        count(*) 
    from
        tipo_doc td1_0
2026-06-24 03:32:26 -   - Tipos de Documento: 6 registros
2026-06-24 03:32:26 - ========================================================
2026-06-24 03:32:26 - Document Service listo para recibir peticiones
2026-06-24 03:32:26 - Puerto: 8083
2026-06-24 03:32:26 - Swagger UI: http://localhost:8083/swagger-ui/index.html
2026-06-24 03:32:26 - ========================================================
2026-06-24 03:32:26 - ========================================================
2026-06-24 03:32:26 - VERIFICANDO DOCUMENTOS DE PRUEBA - DOCUMENT SERVICE
2026-06-24 03:32:26 - ========================================================
2026-06-24 03:32:26 - 
    select
        count(*) 
    from
        documentos d1_0
2026-06-24 03:32:26 - 
    select
        count(*) 
    from
        estado e1_0
2026-06-24 03:32:26 - 
    select
        count(*) 
    from
        tipo_doc td1_0
2026-06-24 03:32:26 - Creando documentos de prueba...
2026-06-24 03:32:26 - 
    select
        e1_0.id,
        e1_0.nombre 
    from
        estado e1_0 
    where
        e1_0.nombre=?
2026-06-24 03:32:26 - 
    select
        e1_0.id,
        e1_0.nombre 
    from
        estado e1_0 
    where
        e1_0.nombre=?
2026-06-24 03:32:26 - 
    select
        e1_0.id,
        e1_0.nombre 
    from
        estado e1_0 
    where
        e1_0.nombre=?
2026-06-24 03:32:26 - 
    select
        td1_0.id,
        td1_0.nombre 
    from
        tipo_doc td1_0 
    where
        td1_0.nombre=?
2026-06-24 03:32:26 - 
    select
        td1_0.id,
        td1_0.nombre 
    from
        tipo_doc td1_0 
    where
        td1_0.nombre=?
2026-06-24 03:32:26 - 
    select
        td1_0.id,
        td1_0.nombre 
    from
        tipo_doc td1_0 
    where
        td1_0.nombre=?
2026-06-24 03:32:26 - 
    select
        td1_0.id,
        td1_0.nombre 
    from
        tipo_doc td1_0 
    where
        td1_0.nombre=?
2026-06-24 03:32:26 - 
    select
        td1_0.id,
        td1_0.nombre 
    from
        tipo_doc td1_0 
    where
        td1_0.nombre=?
2026-06-24 03:32:26 - Creando documentos para Usuario 1 (ADMIN)...
2026-06-24 03:32:26 - 
    insert 
    into
        documentos
        (estado_id, f_actualizacion, f_subido, nombre, observaciones, revisado_por, tipo_doc_id, usuarios_id) 
    values
        (?, ?, ?, ?, ?, ?, ?, ?)
2026-06-24 03:32:26 -   - Creado: DNI_Diego_Olaver.pdf (Usuario: 1, Estado: 2, Tipo: 1)
2026-06-24 03:32:26 - 
    insert 
    into
        documentos
        (estado_id, f_actualizacion, f_subido, nombre, observaciones, revisado_por, tipo_doc_id, usuarios_id) 
    values
        (?, ?, ?, ?, ?, ?, ?, ?)
2026-06-24 03:32:26 -   - Creado: Liquidacion_Sueldo_Octubre_2025.pdf (Usuario: 1, Estado: 2, Tipo: 3)
2026-06-24 03:32:26 - 
    insert 
    into
        documentos
        (estado_id, f_actualizacion, f_subido, nombre, observaciones, revisado_por, tipo_doc_id, usuarios_id) 
    values
        (?, ?, ?, ?, ?, ?, ?, ?)
2026-06-24 03:32:26 -   - Creado: Certificado_Antecedentes_2025.pdf (Usuario: 1, Estado: 2, Tipo: 4)
2026-06-24 03:32:26 - Creando documentos para Usuario 2 (PROPIETARIO)...
2026-06-24 03:32:26 - 
    insert 
    into
        documentos
        (estado_id, f_actualizacion, f_subido, nombre, observaciones, revisado_por, tipo_doc_id, usuarios_id) 
    values
        (?, ?, ?, ?, ?, ?, ?, ?)
2026-06-24 03:32:26 -   - Creado: DNI_Fabian_Gonzalez.pdf (Usuario: 2, Estado: 2, Tipo: 1)
2026-06-24 03:32:26 - 
    insert 
    into
        documentos
        (estado_id, f_actualizacion, f_subido, nombre, observaciones, revisado_por, tipo_doc_id, usuarios_id) 
    values
        (?, ?, ?, ?, ?, ?, ?, ?)
2026-06-24 03:32:26 -   - Creado: Certificado_Propiedad_Casa_Maipu.pdf (Usuario: 2, Estado: 2, Tipo: 6)
2026-06-24 03:32:26 - Creando documentos para Usuario 3 (ARRIENDATARIO)...
2026-06-24 03:32:26 - 
    insert 
    into
        documentos
        (estado_id, f_actualizacion, f_subido, nombre, observaciones, revisado_por, tipo_doc_id, usuarios_id) 
    values
        (?, ?, ?, ?, ?, ?, ?, ?)
2026-06-24 03:32:26 -   - Creado: DNI_Juan_Perez.pdf (Usuario: 3, Estado: 2, Tipo: 1)
2026-06-24 03:32:26 - 
    insert 
    into
        documentos
        (estado_id, f_actualizacion, f_subido, nombre, observaciones, revisado_por, tipo_doc_id, usuarios_id) 
    values
        (?, ?, ?, ?, ?, ?, ?, ?)
2026-06-24 03:32:26 -   - Creado: Liquidacion_Sueldo_Noviembre_2025.pdf (Usuario: 3, Estado: 2, Tipo: 3)
2026-06-24 03:32:26 - 
    insert 
    into
        documentos
        (estado_id, f_actualizacion, f_subido, nombre, observaciones, revisado_por, tipo_doc_id, usuarios_id) 
    values
        (?, ?, ?, ?, ?, ?, ?, ?)
2026-06-24 03:32:26 -   - Creado: Certificado_AFP_2025.pdf (Usuario: 3, Estado: 1, Tipo: 5)
2026-06-24 03:32:26 - 
    insert 
    into
        documentos
        (estado_id, f_actualizacion, f_subido, nombre, observaciones, revisado_por, tipo_doc_id, usuarios_id) 
    values
        (?, ?, ?, ?, ?, ?, ?, ?)
2026-06-24 03:32:26 -   - Creado: Contrato_Trabajo_Empresa_XYZ.pdf (Usuario: 3, Estado: 4, Tipo: 6)
2026-06-24 03:32:26 - Creando documentos para Usuario 4 (ARRIENDATARIO)...
2026-06-24 03:32:26 - 
    insert 
    into
        documentos
        (estado_id, f_actualizacion, f_subido, nombre, observaciones, revisado_por, tipo_doc_id, usuarios_id) 
    values
        (?, ?, ?, ?, ?, ?, ?, ?)
2026-06-24 03:32:26 -   - Creado: DNI_Maria_Lopez.pdf (Usuario: 4, Estado: 2, Tipo: 1)
2026-06-24 03:32:26 - 
    insert 
    into
        documentos
        (estado_id, f_actualizacion, f_subido, nombre, observaciones, revisado_por, tipo_doc_id, usuarios_id) 
    values
        (?, ?, ?, ?, ?, ?, ?, ?)
2026-06-24 03:32:26 -   - Creado: Liquidacion_Sueldo_Octubre_2025.pdf (Usuario: 4, Estado: 2, Tipo: 3)
2026-06-24 03:32:26 - 
    insert 
    into
        documentos
        (estado_id, f_actualizacion, f_subido, nombre, observaciones, revisado_por, tipo_doc_id, usuarios_id) 
    values
        (?, ?, ?, ?, ?, ?, ?, ?)
2026-06-24 03:32:26 -   - Creado: Certificado_Antecedentes_Maria.pdf (Usuario: 4, Estado: 2, Tipo: 4)
2026-06-24 03:32:26 - Creando documentos para Usuario 5 (PROPIETARIO)...
2026-06-24 03:32:26 - 
    insert 
    into
        documentos
        (estado_id, f_actualizacion, f_subido, nombre, observaciones, revisado_por, tipo_doc_id, usuarios_id) 
    values
        (?, ?, ?, ?, ?, ?, ?, ?)
2026-06-24 03:32:26 -   - Creado: DNI_Pedro_Ramirez.pdf (Usuario: 5, Estado: 2, Tipo: 1)
2026-06-24 03:32:26 - 
    insert 
    into
        documentos
        (estado_id, f_actualizacion, f_subido, nombre, observaciones, revisado_por, tipo_doc_id, usuarios_id) 
    values
        (?, ?, ?, ?, ?, ?, ?, ?)
2026-06-24 03:32:26 -   - Creado: Certificado_Antecedentes_Pedro.pdf (Usuario: 5, Estado: 1, Tipo: 4)
2026-06-24 03:32:26 - ========================================================
2026-06-24 03:32:26 - DOCUMENTOS DE PRUEBA CREADOS EXITOSAMENTE
2026-06-24 03:32:26 - ========================================================
2026-06-24 03:32:26 - 
    select
        count(*) 
    from
        documentos d1_0
2026-06-24 03:32:26 - Total documentos creados: 14
2026-06-24 03:32:26 - 
    select
        count(d1_0.id) 
    from
        documentos d1_0 
    where
        d1_0.usuarios_id=?
2026-06-24 03:32:26 -   - Usuario 1: 3 documentos
2026-06-24 03:32:26 - 
    select
        count(d1_0.id) 
    from
        documentos d1_0 
    where
        d1_0.usuarios_id=?
2026-06-24 03:32:26 -   - Usuario 2: 2 documentos
2026-06-24 03:32:26 - 
    select
        count(d1_0.id) 
    from
        documentos d1_0 
    where
        d1_0.usuarios_id=?
2026-06-24 03:32:26 -   - Usuario 3: 4 documentos
2026-06-24 03:32:26 - 
    select
        count(d1_0.id) 
    from
        documentos d1_0 
    where
        d1_0.usuarios_id=?
2026-06-24 03:32:27 -   - Usuario 4: 3 documentos
2026-06-24 03:32:27 - 
    select
        count(d1_0.id) 
    from
        documentos d1_0 
    where
        d1_0.usuarios_id=?
2026-06-24 03:32:27 -   - Usuario 5: 2 documentos
2026-06-24 03:32:27 - ========================================================
2026-06-24 03:32:27 - Mapped to com.rentify.documentService.controller.TipoDocumentoController#crear(TipoDocumentoDTO, Long)
2026-06-24 03:32:27 - Read "application/json" to [com.rentify.documentService.dto.TipoDocumentoDTO@c4a2db8]
2026-06-24 03:32:27 - Creando nuevo tipo de documento: CERTIFICADO_AFP
2026-06-24 03:32:27 - 
    insert 
    into
        tipo_doc
        (nombre) 
    values
        (?)
2026-06-24 03:32:27 - Using 'application/json', given [*/*] and supported [application/json, application/*+json, application/yaml]
2026-06-24 03:32:27 - Writing [com.rentify.documentService.dto.TipoDocumentoDTO@68f4c7e8]
2026-06-24 03:32:27 - Mapped to com.rentify.documentService.controller.EstadoController#crear(EstadoDTO, Long)
2026-06-24 03:32:27 - Read "application/json" to [com.rentify.documentService.dto.EstadoDTO@861dafd]
2026-06-24 03:32:27 - Creando nuevo estado: PENDIENTE
2026-06-24 03:32:27 - 
    insert 
    into
        estado
        (nombre) 
    values
        (?)
2026-06-24 03:32:27 - Using 'application/json', given [*/*] and supported [application/json, application/*+json, application/yaml]
2026-06-24 03:32:27 - Writing [com.rentify.documentService.dto.EstadoDTO@2aeaa332]
2026-06-24 03:32:27 - Mapped to com.rentify.documentService.controller.DocumentoController#crearDocumento(DocumentoDTO, Long)
2026-06-24 03:32:27 - Read "application/json" to [com.rentify.documentService.dto.DocumentoDTO@70daa0f]
2026-06-24 03:32:27 - Creando nuevo documento para usuario 99 de tipo 7
2026-06-24 03:32:27 - Using @ExceptionHandler com.rentify.documentService.exception.GlobalExceptionHandler#handleBusinessValidation(BusinessValidationException)
2026-06-24 03:32:27 - Error de validaciÃ³n de negocio: El usuario con ID 99 no existe
2026-06-24 03:32:27 - Using 'application/json', given [*/*] and supported [application/json, application/*+json, application/yaml]
2026-06-24 03:32:27 - Writing [com.rentify.documentService.exception.ErrorResponse@82de8d1]
2026-06-24 03:32:27 - Resolved [com.rentify.documentService.exception.BusinessValidationException: El usuario con ID 99 no existe]
]]></system-out>
  </testcase>
  <testcase name="crearDocumento_DatosInvalidos_Retorna400" classname="Tests de IntegraciÃ³n - DocumentoService (Robustos)" time="0.04">
    <system-out><![CDATA[2026-06-24 03:32:27 - Mapped to com.rentify.documentService.controller.DocumentoController#crearDocumento(DocumentoDTO, Long)
2026-06-24 03:32:27 - Read "application/json" to [com.rentify.documentService.dto.DocumentoDTO@22937542]
2026-06-24 03:32:27 - Using @ExceptionHandler com.rentify.documentService.exception.GlobalExceptionHandler#handleValidationErrors(MethodArgumentNotValidException)
2026-06-24 03:32:27 - Errores de validaciÃ³n: {estadoId=El ID del estado es obligatorio, tipoDocId=El ID del tipo de documento es obligatorio, nombre=El nombre del documento es obligatorio, usuarioId=El ID del usuario es obligatorio}
2026-06-24 03:32:27 - Using 'application/json', given [*/*] and supported [application/json, application/*+json, application/yaml]
2026-06-24 03:32:27 - Writing [com.rentify.documentService.exception.ErrorResponse@3537caca]
2026-06-24 03:32:27 - Resolved [org.springframework.web.bind.MethodArgumentNotValidException: Validation failed for argument [0] in public org.springframework.http.ResponseEntity<?> com.rentify.documentService.controller.DocumentoController.crearDocumento(com.rentify.documentService.dto.DocumentoDTO,java.lang.Long) with 4 errors: [Field error in object 'documentoDTO' on field 'nombre': rejected value [null]; codes [NotBlank.documentoDTO.nombre,NotBlank.nombre,NotBlank.java.lang.String,NotBlank]; arguments [org.springframework.context.support.DefaultMessageSourceResolvable: codes [documentoDTO.nombre,nombre]; arguments []; default message [nombre]]; default message [El nombre del documento es obligatorio]] [Field error in object 'documentoDTO' on field 'usuarioId': rejected value [null]; codes [NotNull.documentoDTO.usuarioId,NotNull.usuarioId,NotNull.java.lang.Long,NotNull]; arguments [org.springframework.context.support.DefaultMessageSourceResolvable: codes [documentoDTO.usuarioId,usuarioId]; arguments []; default message [usuarioId]]; default message [El ID del usuario es obligatorio]] [Field error in object 'documentoDTO' on field 'estadoId': rejected value [null]; codes [NotNull.documentoDTO.estadoId,NotNull.estadoId,NotNull.java.lang.Long,NotNull]; arguments [org.springframework.context.support.DefaultMessageSourceResolvable: codes [documentoDTO.estadoId,estadoId]; arguments []; default message [estadoId]]; default message [El ID del estado es obligatorio]] [Field error in object 'documentoDTO' on field 'tipoDocId': rejected value [null]; codes [NotNull.documentoDTO.tipoDocId,NotNull.tipoDocId,NotNull.java.lang.Long,NotNull]; arguments [org.springframework.context.support.DefaultMessageSourceResolvable: codes [documentoDTO.tipoDocId,tipoDocId]; arguments []; default message [tipoDocId]]; default message [El ID del tipo de documento es obligatorio]] ]
]]></system-out>
  </testcase>
  <testcase name="actualizarEstado_UsuarioNoEsAdmin_RetornaError" classname="Tests de IntegraciÃ³n - DocumentoService (Robustos)" time="0.069">
    <system-out><![CDATA[2026-06-24 03:32:27 - Mapped to com.rentify.documentService.controller.TipoDocumentoController#crear(TipoDocumentoDTO, Long)
2026-06-24 03:32:27 - Read "application/json" to [com.rentify.documentService.dto.TipoDocumentoDTO@5631baf5]
2026-06-24 03:32:27 - Creando nuevo tipo de documento: DNI
2026-06-24 03:32:27 - 
    insert 
    into
        tipo_doc
        (nombre) 
    values
        (?)
2026-06-24 03:32:27 - Using 'application/json', given [*/*] and supported [application/json, application/*+json, application/yaml]
2026-06-24 03:32:27 - Writing [com.rentify.documentService.dto.TipoDocumentoDTO@58f0acce]
2026-06-24 03:32:27 - Mapped to com.rentify.documentService.controller.EstadoController#crear(EstadoDTO, Long)
2026-06-24 03:32:27 - Read "application/json" to [com.rentify.documentService.dto.EstadoDTO@2ad557a5]
2026-06-24 03:32:27 - Creando nuevo estado: PENDIENTE
2026-06-24 03:32:27 - 
    insert 
    into
        estado
        (nombre) 
    values
        (?)
2026-06-24 03:32:27 - Using 'application/json', given [*/*] and supported [application/json, application/*+json, application/yaml]
2026-06-24 03:32:27 - Writing [com.rentify.documentService.dto.EstadoDTO@2aeef1ca]
2026-06-24 03:32:27 - Mapped to com.rentify.documentService.controller.EstadoController#crear(EstadoDTO, Long)
2026-06-24 03:32:27 - Read "application/json" to [com.rentify.documentService.dto.EstadoDTO@27d8008a]
2026-06-24 03:32:27 - Creando nuevo estado: APROBADO
2026-06-24 03:32:27 - 
    insert 
    into
        estado
        (nombre) 
    values
        (?)
2026-06-24 03:32:27 - Using 'application/json', given [*/*] and supported [application/json, application/*+json, application/yaml]
2026-06-24 03:32:27 - Writing [com.rentify.documentService.dto.EstadoDTO@61c3d248]
2026-06-24 03:32:27 - Mapped to com.rentify.documentService.controller.DocumentoController#crearDocumento(DocumentoDTO, Long)
2026-06-24 03:32:27 - Read "application/json" to [com.rentify.documentService.dto.DocumentoDTO@56b3dcff]
2026-06-24 03:32:27 - Creando nuevo documento para usuario 1 de tipo 8
2026-06-24 03:32:27 - 
    select
        count(d1_0.id) 
    from
        documentos d1_0 
    where
        d1_0.usuarios_id=?
2026-06-24 03:32:27 - 
    insert 
    into
        documentos
        (estado_id, f_actualizacion, f_subido, nombre, observaciones, revisado_por, tipo_doc_id, usuarios_id) 
    values
        (?, ?, ?, ?, ?, ?, ?, ?)
2026-06-24 03:32:27 - Documento creado exitosamente con ID: 15
2026-06-24 03:32:27 - Using 'application/json', given [*/*] and supported [application/json, application/*+json, application/yaml]
2026-06-24 03:32:27 - Writing [com.rentify.documentService.dto.DocumentoDTO@292e8d0a]
2026-06-24 03:32:27 - Mapped to com.rentify.documentService.controller.DocumentoController#actualizarEstadoConObservaciones(Long, Long, Long, ActualizarEstadoRequest)
2026-06-24 03:32:27 - Read "application/json" to [com.rentify.documentService.dto.ActualizarEstadoRequest@43687954]
2026-06-24 03:32:27 - Using 'text/plain', given [*/*] and supported [text/plain, */*, application/json, application/*+json, application/yaml]
2026-06-24 03:32:27 - Writing ["Acceso denegado: Solo los administradores pueden evaluar documentos."]
]]></system-out>
  </testcase>
  <testcase name="flujoCompleto_SubirYRechazarDocumento" classname="Tests de IntegraciÃ³n - DocumentoService (Robustos)" time="0.127">
    <system-out><![CDATA[2026-06-24 03:32:27 - Mapped to com.rentify.documentService.controller.TipoDocumentoController#crear(TipoDocumentoDTO, Long)
2026-06-24 03:32:27 - Read "application/json" to [com.rentify.documentService.dto.TipoDocumentoDTO@34b28d08]
2026-06-24 03:32:27 - Creando nuevo tipo de documento: DNI
2026-06-24 03:32:27 - 
    insert 
    into
        tipo_doc
        (nombre) 
    values
        (?)
2026-06-24 03:32:27 - Using 'application/json', given [*/*] and supported [application/json, application/*+json, application/yaml]
2026-06-24 03:32:27 - Writing [com.rentify.documentService.dto.TipoDocumentoDTO@54c04642]
2026-06-24 03:32:27 - Mapped to com.rentify.documentService.controller.EstadoController#crear(EstadoDTO, Long)
2026-06-24 03:32:27 - Read "application/json" to [com.rentify.documentService.dto.EstadoDTO@4ddb5db0]
2026-06-24 03:32:27 - Creando nuevo estado: PENDIENTE
2026-06-24 03:32:27 - 
    insert 
    into
        estado
        (nombre) 
    values
        (?)
2026-06-24 03:32:27 - Using 'application/json', given [*/*] and supported [application/json, application/*+json, application/yaml]
2026-06-24 03:32:27 - Writing [com.rentify.documentService.dto.EstadoDTO@1de68599]
2026-06-24 03:32:27 - Mapped to com.rentify.documentService.controller.EstadoController#crear(EstadoDTO, Long)
2026-06-24 03:32:27 - Read "application/json" to [com.rentify.documentService.dto.EstadoDTO@3ab48325]
2026-06-24 03:32:27 - Creando nuevo estado: RECHAZADO
2026-06-24 03:32:27 - 
    insert 
    into
        estado
        (nombre) 
    values
        (?)
2026-06-24 03:32:27 - Using 'application/json', given [*/*] and supported [application/json, application/*+json, application/yaml]
2026-06-24 03:32:27 - Writing [com.rentify.documentService.dto.EstadoDTO@413b0b08]
2026-06-24 03:32:27 - Mapped to com.rentify.documentService.controller.DocumentoController#crearDocumento(DocumentoDTO, Long)
2026-06-24 03:32:27 - Read "application/json" to [com.rentify.documentService.dto.DocumentoDTO@1e2200ee]
2026-06-24 03:32:27 - Creando nuevo documento para usuario 1 de tipo 9
2026-06-24 03:32:27 - 
    select
        count(d1_0.id) 
    from
        documentos d1_0 
    where
        d1_0.usuarios_id=?
2026-06-24 03:32:27 - 
    insert 
    into
        documentos
        (estado_id, f_actualizacion, f_subido, nombre, observaciones, revisado_por, tipo_doc_id, usuarios_id) 
    values
        (?, ?, ?, ?, ?, ?, ?, ?)
2026-06-24 03:32:27 - Documento creado exitosamente con ID: 16
2026-06-24 03:32:27 - Using 'application/json', given [*/*] and supported [application/json, application/*+json, application/yaml]
2026-06-24 03:32:27 - Writing [com.rentify.documentService.dto.DocumentoDTO@75a5fe82]
2026-06-24 03:32:27 - Mapped to com.rentify.documentService.controller.DocumentoController#actualizarEstadoConObservaciones(Long, Long, Long, ActualizarEstadoRequest)
2026-06-24 03:32:27 - Read "application/json" to [com.rentify.documentService.dto.ActualizarEstadoRequest@6ecbf948]
2026-06-24 03:32:27 - Actualizando estado de documento 16 a estado 9 con observaciones
2026-06-24 03:32:27 - Documento 16 actualizado a estado RECHAZADO con observaciones: 'La imagen esta borrosa, por favor suba una foto co'
2026-06-24 03:32:27 - Using 'application/json', given [*/*] and supported [application/json, application/*+json, application/yaml]
2026-06-24 03:32:27 - Writing [com.rentify.documentService.dto.DocumentoDTO@3e4ea922]
]]></system-out>
  </testcase>
</testsuite>