<?xml version="1.0" encoding="UTF-8"?>
<testsuite xmlns:xsi="http://www.w3.org/2001/XMLSchema-instance" xsi:noNamespaceSchemaLocation="https://maven.apache.org/surefire/maven-surefire-plugin/xsd/surefire-test-report.xsd" version="3.0.2" name="com.rentify.contactService.controller.MensajeContactoControllerIntegrationTest" time="5.686" tests="15" errors="0" skipped="0" failures="0">
  <properties>
[...]
</properties>
  <testcase name="listarMensajes_ComoAdmin_Success" classname="Tests de IntegraciÃ³n - MensajeContactoController (Robustos)" time="0.929">
    <system-out><![CDATA[2026-06-30T18:55:04.395-04:00  INFO 8116 --- [contactService] [           main] t.c.s.AnnotationConfigContextLoaderUtils : Could not detect default configuration classes for test class [com.rentify.contactService.controller.MensajeContactoControllerIntegrationTest]: MensajeContactoControllerIntegrationTest does not declare any static, non-private, non-final, nested classes annotated with @Configuration.
2026-06-30T18:55:04.470-04:00  INFO 8116 --- [contactService] [           main] .b.t.c.SpringBootTestContextBootstrapper : Found @SpringBootConfiguration com.rentify.contactService.ContactServiceApplication for test class com.rentify.contactService.controller.MensajeContactoControllerIntegrationTest
2026-06-30T18:55:04.476-04:00  INFO 8116 --- [contactService] [           main] o.s.b.d.r.RestartApplicationListener     : Restart disabled due to context in which it is running

  .   ____          _            __ _ _
 /\\ / ___'_ __ _ _(_)_ __  __ _ \ \ \ \
( ( )\___ | '_ | '_| | '_ \/ _` | \ \ \ \
 \\/  ___)| |_)| | | | | || (_| |  ) ) ) )
  '  |____| .__|_| |_|_| |_\__, | / / / /
 =========|_|==============|___/=/_/_/_/

 :: Spring Boot ::                (v3.5.6)

2026-06-30T18:55:04.520-04:00  INFO 8116 --- [contactService] [           main] MensajeContactoControllerIntegrationTest : Starting MensajeContactoControllerIntegrationTest using Java 17.0.19 with PID 8116 (started by AM-FX4100 in C:\Users\AM-FX4100\Documents\GitHub\LeaseFlow\contactService)
2026-06-30T18:55:04.521-04:00 DEBUG 8116 --- [contactService] [           main] MensajeContactoControllerIntegrationTest : Running with Spring Boot v3.5.6, Spring v6.2.11
2026-06-30T18:55:04.521-04:00  INFO 8116 --- [contactService] [           main] MensajeContactoControllerIntegrationTest : The following 1 profile is active: "test"
2026-06-30T18:55:05.274-04:00  INFO 8116 --- [contactService] [           main] .s.d.r.c.RepositoryConfigurationDelegate : Bootstrapping Spring Data JPA repositories in DEFAULT mode.
2026-06-30T18:55:05.299-04:00  INFO 8116 --- [contactService] [           main] .s.d.r.c.RepositoryConfigurationDelegate : Finished Spring Data repository scanning in 23 ms. Found 1 JPA repository interface.
2026-06-30T18:55:06.198-04:00  INFO 8116 --- [contactService] [           main] o.hibernate.jpa.internal.util.LogHelper  : HHH000204: Processing PersistenceUnitInfo [name: default]
2026-06-30T18:55:06.215-04:00  INFO 8116 --- [contactService] [           main] o.h.c.internal.RegionFactoryInitiator    : HHH000026: Second-level cache disabled
2026-06-30T18:55:06.270-04:00  INFO 8116 --- [contactService] [           main] o.s.o.j.p.SpringPersistenceUnitInfo      : No LoadTimeWeaver setup: ignoring JPA class transformer
2026-06-30T18:55:06.274-04:00  INFO 8116 --- [contactService] [           main] com.zaxxer.hikari.HikariDataSource       : HikariPool-2 - Starting...
2026-06-30T18:55:06.280-04:00  INFO 8116 --- [contactService] [           main] com.zaxxer.hikari.pool.HikariPool        : HikariPool-2 - Added connection conn10: url=jdbc:h2:mem:testdb user=SA
2026-06-30T18:55:06.281-04:00  INFO 8116 --- [contactService] [           main] com.zaxxer.hikari.HikariDataSource       : HikariPool-2 - Start completed.
2026-06-30T18:55:06.283-04:00  WARN 8116 --- [contactService] [           main] org.hibernate.orm.deprecation            : HHH90000025: H2Dialect does not need to be specified explicitly using 'hibernate.dialect' (remove the property setting and it will be selected by default)
2026-06-30T18:55:06.287-04:00  INFO 8116 --- [contactService] [           main] org.hibernate.orm.connections.pooling    : HHH10001005: Database info:
	Database JDBC URL [Connecting through datasource 'HikariDataSource (HikariPool-2)']
	Database driver: undefined/unknown
	Database version: 2.3.232
	Autocommit mode: undefined/unknown
	Isolation level: undefined/unknown
	Minimum pool size: undefined/unknown
	Maximum pool size: undefined/unknown
2026-06-30T18:55:06.402-04:00  INFO 8116 --- [contactService] [           main] o.h.e.t.j.p.i.JtaPlatformInitiator       : HHH000489: No JTA platform available (set 'hibernate.transaction.jta.platform' to enable JTA platform integration)
2026-06-30T18:55:06.403-04:00 DEBUG 8116 --- [contactService] [           main] org.hibernate.SQL                        : 
    drop table if exists mensajes_contacto cascade 
2026-06-30T18:55:06.405-04:00 DEBUG 8116 --- [contactService] [           main] org.hibernate.SQL                        : 
    create table mensajes_contacto (
        fecha_actualizacion timestamp(6),
        fecha_creacion timestamp(6) not null,
        id bigint generated by default as identity,
        respondido_por bigint,
        usuario_id bigint,
        estado varchar(20) not null,
        numero_telefono varchar(20),
        nombre varchar(100) not null,
        asunto varchar(200) not null,
        email varchar(200) not null,
        mensaje TEXT not null,
        respuesta TEXT,
        primary key (id)
    )
2026-06-30T18:55:06.415-04:00  INFO 8116 --- [contactService] [           main] j.LocalContainerEntityManagerFactoryBean : Initialized JPA EntityManagerFactory for persistence unit 'default'
2026-06-30T18:55:07.308-04:00  INFO 8116 --- [contactService] [           main] o.s.b.a.e.web.EndpointLinksResolver      : Exposing 0 endpoints beneath base path '/actuator'
2026-06-30T18:55:07.367-04:00  WARN 8116 --- [contactService] [           main] .s.s.UserDetailsServiceAutoConfiguration : 

Using generated security password: 2dd5eead-9610-47b3-b44c-ac584fbb1436

This generated password is for development use only. Your security configuration must be updated before running your application in production.

2026-06-30T18:55:07.370-04:00  INFO 8116 --- [contactService] [           main] r$InitializeUserDetailsManagerConfigurer : Global AuthenticationManager configured with UserDetailsService bean with name inMemoryUserDetailsManager
2026-06-30T18:55:07.912-04:00  INFO 8116 --- [contactService] [           main] o.s.b.t.m.w.SpringBootMockServletContext : Initializing Spring TestDispatcherServlet ''
2026-06-30T18:55:07.912-04:00  INFO 8116 --- [contactService] [           main] o.s.t.web.servlet.TestDispatcherServlet  : Initializing Servlet ''
2026-06-30T18:55:07.915-04:00  INFO 8116 --- [contactService] [           main] o.s.t.web.servlet.TestDispatcherServlet  : Completed initialization in 2 ms
2026-06-30T18:55:08.101-04:00  INFO 8116 --- [contactService] [           main] MensajeContactoControllerIntegrationTest : Started MensajeContactoControllerIntegrationTest in 3.626 seconds (process running for 35.359)
2026-06-30T18:55:08.105-04:00  INFO 8116 --- [contactService] [           main] c.r.c.config.DataInitializerConfig       : ========================================================
2026-06-30T18:55:08.106-04:00  INFO 8116 --- [contactService] [           main] c.r.c.config.DataInitializerConfig       : INICIANDO POBLADO DE DATOS - CONTACT SERVICE
2026-06-30T18:55:08.106-04:00  INFO 8116 --- [contactService] [           main] c.r.c.config.DataInitializerConfig       : ========================================================
2026-06-30T18:55:08.107-04:00  INFO 8116 --- [contactService] [           main] c.r.c.config.DataInitializerConfig       : Verificando mensajes de contacto...
2026-06-30T18:55:08.112-04:00 DEBUG 8116 --- [contactService] [           main] org.hibernate.SQL                        : 
    select
        count(*) 
    from
        mensajes_contacto mc1_0
2026-06-30T18:55:08.121-04:00  INFO 8116 --- [contactService] [           main] c.r.c.config.DataInitializerConfig       : Creando mensajes de contacto de prueba...
2026-06-30T18:55:08.126-04:00 DEBUG 8116 --- [contactService] [           main] org.hibernate.SQL                        : 
    insert 
    into
        mensajes_contacto
        (asunto, email, estado, fecha_actualizacion, fecha_creacion, mensaje, nombre, numero_telefono, respondido_por, respuesta, usuario_id, id) 
    values
        (?, ?, ?, ?, ?, ?, ?, ?, ?, ?, ?, default)
2026-06-30T18:55:08.129-04:00  INFO 8116 --- [contactService] [           main] c.r.c.config.DataInitializerConfig       :   - Creado mensaje 1: Consulta arriendos (PENDIENTE)
2026-06-30T18:55:08.131-04:00 DEBUG 8116 --- [contactService] [           main] org.hibernate.SQL                        : 
    insert 
    into
        mensajes_contacto
        (asunto, email, estado, fecha_actualizacion, fecha_creacion, mensaje, nombre, numero_telefono, respondido_por, respuesta, usuario_id, id) 
    values
        (?, ?, ?, ?, ?, ?, ?, ?, ?, ?, ?, default)
2026-06-30T18:55:08.133-04:00  INFO 8116 --- [contactService] [           main] c.r.c.config.DataInitializerConfig       :   - Creado mensaje 2: Problema tecnico (EN_PROCESO)
2026-06-30T18:55:08.134-04:00 DEBUG 8116 --- [contactService] [           main] org.hibernate.SQL                        : 
    insert 
    into
        mensajes_contacto
        (asunto, email, estado, fecha_actualizacion, fecha_creacion, mensaje, nombre, numero_telefono, respondido_por, respuesta, usuario_id, id) 
    values
        (?, ?, ?, ?, ?, ?, ?, ?, ?, ?, ?, default)
2026-06-30T18:55:08.136-04:00  INFO 8116 --- [contactService] [           main] c.r.c.config.DataInitializerConfig       :   - Creado mensaje 3: Consulta verificacion (RESUELTO)
2026-06-30T18:55:08.138-04:00 DEBUG 8116 --- [contactService] [           main] org.hibernate.SQL                        : 
    insert 
    into
        mensajes_contacto
        (asunto, email, estado, fecha_actualizacion, fecha_creacion, mensaje, nombre, numero_telefono, respondido_por, respuesta, usuario_id, id) 
    values
        (?, ?, ?, ?, ?, ?, ?, ?, ?, ?, ?, default)
2026-06-30T18:55:08.139-04:00  INFO 8116 --- [contactService] [           main] c.r.c.config.DataInitializerConfig       :   - Creado mensaje 4: Destacar propiedad (PENDIENTE)
2026-06-30T18:55:08.141-04:00 DEBUG 8116 --- [contactService] [           main] org.hibernate.SQL                        : 
    insert 
    into
        mensajes_contacto
        (asunto, email, estado, fecha_actualizacion, fecha_creacion, mensaje, nombre, numero_telefono, respondido_por, respuesta, usuario_id, id) 
    values
        (?, ?, ?, ?, ?, ?, ?, ?, ?, ?, ?, default)
2026-06-30T18:55:08.142-04:00  INFO 8116 --- [contactService] [           main] c.r.c.config.DataInitializerConfig       :   - Creado mensaje 5: Consulta comunas (PENDIENTE)
2026-06-30T18:55:08.144-04:00 DEBUG 8116 --- [contactService] [           main] org.hibernate.SQL                        : 
    insert 
    into
        mensajes_contacto
        (asunto, email, estado, fecha_actualizacion, fecha_creacion, mensaje, nombre, numero_telefono, respondido_por, respuesta, usuario_id, id) 
    values
        (?, ?, ?, ?, ?, ?, ?, ?, ?, ?, ?, default)
2026-06-30T18:55:08.145-04:00  INFO 8116 --- [contactService] [           main] c.r.c.config.DataInitializerConfig       :   - Creado mensaje 6: Agradecimiento (RESUELTO)
2026-06-30T18:55:08.146-04:00 DEBUG 8116 --- [contactService] [           main] org.hibernate.SQL                        : 
    select
        count(*) 
    from
        mensajes_contacto mc1_0
2026-06-30T18:55:08.147-04:00  INFO 8116 --- [contactService] [           main] c.r.c.config.DataInitializerConfig       : Mensajes de contacto creados exitosamente: 6 registros
2026-06-30T18:55:08.148-04:00 DEBUG 8116 --- [contactService] [           main] org.hibernate.SQL                        : 
    select
        count(*) 
    from
        mensajes_contacto mc1_0
2026-06-30T18:55:08.152-04:00 DEBUG 8116 --- [contactService] [           main] org.hibernate.SQL                        : 
    select
        count(mc1_0.id) 
    from
        mensajes_contacto mc1_0 
    where
        mc1_0.estado=?
2026-06-30T18:55:08.156-04:00 DEBUG 8116 --- [contactService] [           main] org.hibernate.SQL                        : 
    select
        count(mc1_0.id) 
    from
        mensajes_contacto mc1_0 
    where
        mc1_0.estado=?
2026-06-30T18:55:08.158-04:00 DEBUG 8116 --- [contactService] [           main] org.hibernate.SQL                        : 
    select
        count(mc1_0.id) 
    from
        mensajes_contacto mc1_0 
    where
        mc1_0.estado=?
2026-06-30T18:55:08.159-04:00  INFO 8116 --- [contactService] [           main] c.r.c.config.DataInitializerConfig       : ========================================================
2026-06-30T18:55:08.160-04:00  INFO 8116 --- [contactService] [           main] c.r.c.config.DataInitializerConfig       : INICIALIZACION COMPLETADA - CONTACT SERVICE
2026-06-30T18:55:08.160-04:00  INFO 8116 --- [contactService] [           main] c.r.c.config.DataInitializerConfig       : ========================================================
2026-06-30T18:55:08.160-04:00  INFO 8116 --- [contactService] [           main] c.r.c.config.DataInitializerConfig       : Resumen de datos:
2026-06-30T18:55:08.160-04:00  INFO 8116 --- [contactService] [           main] c.r.c.config.DataInitializerConfig       :   - Total mensajes: 6
2026-06-30T18:55:08.161-04:00  INFO 8116 --- [contactService] [           main] c.r.c.config.DataInitializerConfig       :   - Pendientes: 3
2026-06-30T18:55:08.161-04:00  INFO 8116 --- [contactService] [           main] c.r.c.config.DataInitializerConfig       :   - En proceso: 1
2026-06-30T18:55:08.161-04:00  INFO 8116 --- [contactService] [           main] c.r.c.config.DataInitializerConfig       :   - Resueltos: 2
2026-06-30T18:55:08.161-04:00  INFO 8116 --- [contactService] [           main] c.r.c.config.DataInitializerConfig       : ========================================================
2026-06-30T18:55:08.162-04:00  INFO 8116 --- [contactService] [           main] c.r.c.config.DataInitializerConfig       : Contact Service listo para recibir peticiones
2026-06-30T18:55:08.162-04:00  INFO 8116 --- [contactService] [           main] c.r.c.config.DataInitializerConfig       : Puerto: 8085
2026-06-30T18:55:08.162-04:00  INFO 8116 --- [contactService] [           main] c.r.c.config.DataInitializerConfig       : Swagger UI: http://localhost:8085/swagger-ui/index.html
2026-06-30T18:55:08.162-04:00  INFO 8116 --- [contactService] [           main] c.r.c.config.DataInitializerConfig       : ========================================================
2026-06-30T18:55:08.733-04:00  INFO 8116 --- [contactService] [           main] c.r.c.service.MensajeContactoService     : Creando nuevo mensaje de contacto de: Ana LÃ³pez (ana@email.com)
2026-06-30T18:55:08.738-04:00 DEBUG 8116 --- [contactService] [           main] org.hibernate.SQL                        : 
    select
        count(mc1_0.id) 
    from
        mensajes_contacto mc1_0 
    where
        mc1_0.email=? 
        and mc1_0.estado=?
2026-06-30T18:55:08.748-04:00 DEBUG 8116 --- [contactService] [           main] org.hibernate.SQL                        : 
    insert 
    into
        mensajes_contacto
        (asunto, email, estado, fecha_actualizacion, fecha_creacion, mensaje, nombre, numero_telefono, respondido_por, respuesta, usuario_id, id) 
    values
        (?, ?, ?, ?, ?, ?, ?, ?, ?, ?, ?, default)
2026-06-30T18:55:08.749-04:00  INFO 8116 --- [contactService] [           main] c.r.c.service.MensajeContactoService     : Mensaje de contacto creado exitosamente con ID: 7
2026-06-30T18:55:08.854-04:00 DEBUG 8116 --- [contactService] [           main] c.r.c.service.MensajeContactoService     : Listando mensajes de forma segura. Usuario: 5, Rol: 1
2026-06-30T18:55:08.859-04:00 DEBUG 8116 --- [contactService] [           main] org.hibernate.SQL                        : 
    select
        mc1_0.id,
        mc1_0.asunto,
        mc1_0.email,
        mc1_0.estado,
        mc1_0.fecha_actualizacion,
        mc1_0.fecha_creacion,
        mc1_0.mensaje,
        mc1_0.nombre,
        mc1_0.numero_telefono,
        mc1_0.respondido_por,
        mc1_0.respuesta,
        mc1_0.usuario_id 
    from
        mensajes_contacto mc1_0
]]></system-out>
  </testcase>
  <testcase name="verEstadisticas_FiltroRoles_Correcto" classname="Tests de IntegraciÃ³n - MensajeContactoController (Robustos)" time="0.073">
    <system-out><![CDATA[2026-06-30T18:55:09.141-04:00 DEBUG 8116 --- [contactService] [           main] c.r.c.service.MensajeContactoService     : Obteniendo estadÃ­sticas de mensajes
2026-06-30T18:55:09.142-04:00 DEBUG 8116 --- [contactService] [           main] org.hibernate.SQL                        : 
    select
        count(*) 
    from
        mensajes_contacto mc1_0
2026-06-30T18:55:09.144-04:00 DEBUG 8116 --- [contactService] [           main] org.hibernate.SQL                        : 
    select
        count(mc1_0.id) 
    from
        mensajes_contacto mc1_0 
    where
        mc1_0.estado=?
2026-06-30T18:55:09.146-04:00 DEBUG 8116 --- [contactService] [           main] org.hibernate.SQL                        : 
    select
        count(mc1_0.id) 
    from
        mensajes_contacto mc1_0 
    where
        mc1_0.estado=?
2026-06-30T18:55:09.149-04:00 DEBUG 8116 --- [contactService] [           main] org.hibernate.SQL                        : 
    select
        count(mc1_0.id) 
    from
        mensajes_contacto mc1_0 
    where
        mc1_0.estado=?
]]></system-out>
  </testcase>
  <testcase name="responderMensaje_SinHeaderRolAdmin_Retorna403" classname="Tests de IntegraciÃ³n - MensajeContactoController (Robustos)" time="0.075">
    <system-out><![CDATA[2026-06-30T18:55:09.231-04:00  INFO 8116 --- [contactService] [           main] c.r.c.service.MensajeContactoService     : Creando nuevo mensaje de contacto de: Ana LÃ³pez (ana@email.com)
2026-06-30T18:55:09.233-04:00 DEBUG 8116 --- [contactService] [           main] org.hibernate.SQL                        : 
    select
        count(mc1_0.id) 
    from
        mensajes_contacto mc1_0 
    where
        mc1_0.email=? 
        and mc1_0.estado=?
2026-06-30T18:55:09.238-04:00 DEBUG 8116 --- [contactService] [           main] org.hibernate.SQL                        : 
    insert 
    into
        mensajes_contacto
        (asunto, email, estado, fecha_actualizacion, fecha_creacion, mensaje, nombre, numero_telefono, respondido_por, respuesta, usuario_id, id) 
    values
        (?, ?, ?, ?, ?, ?, ?, ?, ?, ?, ?, default)
2026-06-30T18:55:09.240-04:00  INFO 8116 --- [contactService] [           main] c.r.c.service.MensajeContactoService     : Mensaje de contacto creado exitosamente con ID: 8
]]></system-out>
  </testcase>
  <testcase name="verSinResponder_FiltroRoles_Correcto" classname="Tests de IntegraciÃ³n - MensajeContactoController (Robustos)" time="0.087">
    <system-out><![CDATA[2026-06-30T18:55:09.302-04:00 DEBUG 8116 --- [contactService] [           main] c.r.c.service.MensajeContactoService     : Listando mensajes sin responder
2026-06-30T18:55:09.330-04:00 DEBUG 8116 --- [contactService] [           main] org.hibernate.SQL                        : 
    select
        mc1_0.id,
        mc1_0.asunto,
        mc1_0.email,
        mc1_0.estado,
        mc1_0.fecha_actualizacion,
        mc1_0.fecha_creacion,
        mc1_0.mensaje,
        mc1_0.nombre,
        mc1_0.numero_telefono,
        mc1_0.respondido_por,
        mc1_0.respuesta,
        mc1_0.usuario_id 
    from
        mensajes_contacto mc1_0 
    where
        mc1_0.respondido_por is null 
        and mc1_0.estado='PENDIENTE' 
    order by
        mc1_0.fecha_creacion
]]></system-out>
  </testcase>
  <testcase name="listarPorUsuario_UsuarioDistinto_Retorna403" classname="Tests de IntegraciÃ³n - MensajeContactoController (Robustos)" time="0.037"/>
  <testcase name="eliminarMensaje_SinHeaderRolAdmin_Retorna403" classname="Tests de IntegraciÃ³n - MensajeContactoController (Robustos)" time="0.067">
    <system-out><![CDATA[2026-06-30T18:55:09.439-04:00  INFO 8116 --- [contactService] [           main] c.r.c.service.MensajeContactoService     : Creando nuevo mensaje de contacto de: Ana LÃ³pez (ana@email.com)
2026-06-30T18:55:09.441-04:00 DEBUG 8116 --- [contactService] [           main] org.hibernate.SQL                        : 
    select
        count(mc1_0.id) 
    from
        mensajes_contacto mc1_0 
    where
        mc1_0.email=? 
        and mc1_0.estado=?
2026-06-30T18:55:09.446-04:00 DEBUG 8116 --- [contactService] [           main] org.hibernate.SQL                        : 
    insert 
    into
        mensajes_contacto
        (asunto, email, estado, fecha_actualizacion, fecha_creacion, mensaje, nombre, numero_telefono, respondido_por, respuesta, usuario_id, id) 
    values
        (?, ?, ?, ?, ?, ?, ?, ?, ?, ?, ?, default)
2026-06-30T18:55:09.448-04:00  INFO 8116 --- [contactService] [           main] c.r.c.service.MensajeContactoService     : Mensaje de contacto creado exitosamente con ID: 9
]]></system-out>
  </testcase>
  <testcase name="listarPorUsuario_SinHeaders_Retorna401" classname="Tests de IntegraciÃ³n - MensajeContactoController (Robustos)" time="0.029"/>
  <testcase name="listarPorEmail_FiltroRoles_Correcto" classname="Tests de IntegraciÃ³n - MensajeContactoController (Robustos)" time="0.161">
    <system-out><![CDATA[2026-06-30T18:55:09.573-04:00 DEBUG 8116 --- [contactService] [           main] c.r.c.service.MensajeContactoService     : Listando mensajes del email: ana@email.com
2026-06-30T18:55:09.579-04:00 DEBUG 8116 --- [contactService] [           main] org.hibernate.SQL                        : 
    select
        mc1_0.id,
        mc1_0.asunto,
        mc1_0.email,
        mc1_0.estado,
        mc1_0.fecha_actualizacion,
        mc1_0.fecha_creacion,
        mc1_0.mensaje,
        mc1_0.nombre,
        mc1_0.numero_telefono,
        mc1_0.respondido_por,
        mc1_0.respuesta,
        mc1_0.usuario_id 
    from
        mensajes_contacto mc1_0 
    where
        mc1_0.email=?
]]></system-out>
  </testcase>
  <testcase name="responderMensaje_Success" classname="Tests de IntegraciÃ³n - MensajeContactoController (Robustos)" time="0.075">
    <system-out><![CDATA[2026-06-30T18:55:09.699-04:00  INFO 8116 --- [contactService] [           main] c.r.c.service.MensajeContactoService     : Creando nuevo mensaje de contacto de: Ana LÃ³pez (ana@email.com)
2026-06-30T18:55:09.701-04:00 DEBUG 8116 --- [contactService] [           main] org.hibernate.SQL                        : 
    select
        count(mc1_0.id) 
    from
        mensajes_contacto mc1_0 
    where
        mc1_0.email=? 
        and mc1_0.estado=?
2026-06-30T18:55:09.704-04:00 DEBUG 8116 --- [contactService] [           main] org.hibernate.SQL                        : 
    insert 
    into
        mensajes_contacto
        (asunto, email, estado, fecha_actualizacion, fecha_creacion, mensaje, nombre, numero_telefono, respondido_por, respuesta, usuario_id, id) 
    values
        (?, ?, ?, ?, ?, ?, ?, ?, ?, ?, ?, default)
2026-06-30T18:55:09.706-04:00  INFO 8116 --- [contactService] [           main] c.r.c.service.MensajeContactoService     : Mensaje de contacto creado exitosamente con ID: 10
2026-06-30T18:55:09.719-04:00  INFO 8116 --- [contactService] [           main] c.r.c.service.MensajeContactoService     : Respondiendo mensaje 10 por admin 5
2026-06-30T18:55:09.740-04:00  INFO 8116 --- [contactService] [           main] c.r.c.service.MensajeContactoService     : Mensaje 10 respondido exitosamente
]]></system-out>
  </testcase>
  <testcase name="crearMensaje_SinApiKey_Retorna403" classname="Tests de IntegraciÃ³n - MensajeContactoController (Robustos)" time="0.031">
    <system-out><![CDATA[2026-06-30T18:55:09.778-04:00  WARN 8116 --- [contactService] [           main] c.r.c.config.ApiKeyInterceptor           : Petición rechazada por falta/mismatch de X-App-Client. Path: /api/contacto, Metodo: POST, IP: 127.0.0.1
]]></system-out>
  </testcase>
  <testcase name="obtenerPorId_FiltroPropietario_Correcto" classname="Tests de IntegraciÃ³n - MensajeContactoController (Robustos)" time="0.053">
    <system-out><![CDATA[2026-06-30T18:55:09.813-04:00  INFO 8116 --- [contactService] [           main] c.r.c.service.MensajeContactoService     : Creando nuevo mensaje de contacto de: Ana LÃ³pez (ana@email.com)
2026-06-30T18:55:09.815-04:00 DEBUG 8116 --- [contactService] [           main] org.hibernate.SQL                        : 
    select
        count(mc1_0.id) 
    from
        mensajes_contacto mc1_0 
    where
        mc1_0.email=? 
        and mc1_0.estado=?
2026-06-30T18:55:09.818-04:00 DEBUG 8116 --- [contactService] [           main] org.hibernate.SQL                        : 
    insert 
    into
        mensajes_contacto
        (asunto, email, estado, fecha_actualizacion, fecha_creacion, mensaje, nombre, numero_telefono, respondido_por, respuesta, usuario_id, id) 
    values
        (?, ?, ?, ?, ?, ?, ?, ?, ?, ?, ?, default)
2026-06-30T18:55:09.820-04:00  INFO 8116 --- [contactService] [           main] c.r.c.service.MensajeContactoService     : Mensaje de contacto creado exitosamente con ID: 11
2026-06-30T18:55:09.831-04:00 DEBUG 8116 --- [contactService] [           main] c.r.c.service.MensajeContactoService     : Obteniendo mensaje con ID: 11
]]></system-out>
  </testcase>
  <testcase name="listarMensajes_SinHeaders_Retorna401" classname="Tests de IntegraciÃ³n - MensajeContactoController (Robustos)" time="0.033"/>
  <testcase name="buscarPorPalabraClave_FiltroRoles_Correcto" classname="Tests de IntegraciÃ³n - MensajeContactoController (Robustos)" time="0.076">
    <system-out><![CDATA[2026-06-30T18:55:09.918-04:00 DEBUG 8116 --- [contactService] [           main] c.r.c.service.MensajeContactoService     : Buscando mensajes con palabra clave: problema
2026-06-30T18:55:09.940-04:00 DEBUG 8116 --- [contactService] [           main] org.hibernate.SQL                        : 
    select
        mc1_0.id,
        mc1_0.asunto,
        mc1_0.email,
        mc1_0.estado,
        mc1_0.fecha_actualizacion,
        mc1_0.fecha_creacion,
        mc1_0.mensaje,
        mc1_0.nombre,
        mc1_0.numero_telefono,
        mc1_0.respondido_por,
        mc1_0.respuesta,
        mc1_0.usuario_id 
    from
        mensajes_contacto mc1_0 
    where
        lower(mc1_0.asunto) like lower(('%'||?||'%')) escape '' 
        or lower(mc1_0.mensaje) like lower(('%'||?||'%')) escape ''
]]></system-out>
  </testcase>
  <testcase name="eliminarMensaje_Success" classname="Tests de IntegraciÃ³n - MensajeContactoController (Robustos)" time="0.061">
    <system-out><![CDATA[2026-06-30T18:55:09.994-04:00  INFO 8116 --- [contactService] [           main] c.r.c.service.MensajeContactoService     : Creando nuevo mensaje de contacto de: Ana LÃ³pez (ana@email.com)
2026-06-30T18:55:09.997-04:00 DEBUG 8116 --- [contactService] [           main] org.hibernate.SQL                        : 
    select
        count(mc1_0.id) 
    from
        mensajes_contacto mc1_0 
    where
        mc1_0.email=? 
        and mc1_0.estado=?
2026-06-30T18:55:10.000-04:00 DEBUG 8116 --- [contactService] [           main] org.hibernate.SQL                        : 
    insert 
    into
        mensajes_contacto
        (asunto, email, estado, fecha_actualizacion, fecha_creacion, mensaje, nombre, numero_telefono, respondido_por, respuesta, usuario_id, id) 
    values
        (?, ?, ?, ?, ?, ?, ?, ?, ?, ?, ?, default)
2026-06-30T18:55:10.002-04:00  INFO 8116 --- [contactService] [           main] c.r.c.service.MensajeContactoService     : Mensaje de contacto creado exitosamente con ID: 12
2026-06-30T18:55:10.009-04:00  INFO 8116 --- [contactService] [           main] c.r.c.service.MensajeContactoService     : Eliminando mensaje 12 por admin 5
2026-06-30T18:55:10.018-04:00  INFO 8116 --- [contactService] [           main] c.r.c.service.MensajeContactoService     : Mensaje 12 eliminado exitosamente
]]></system-out>
  </testcase>
  <testcase name="crearMensaje_Success" classname="Tests de IntegraciÃ³n - MensajeContactoController (Robustos)" time="0.036">
    <system-out><![CDATA[2026-06-30T18:55:10.052-04:00  INFO 8116 --- [contactService] [           main] c.r.c.service.MensajeContactoService     : Creando nuevo mensaje de contacto de: Juan PÃ©rez (juan.perez@email.com)
2026-06-30T18:55:10.053-04:00 DEBUG 8116 --- [contactService] [           main] org.hibernate.SQL                        : 
    select
        count(mc1_0.id) 
    from
        mensajes_contacto mc1_0 
    where
        mc1_0.email=? 
        and mc1_0.estado=?
2026-06-30T18:55:10.056-04:00 DEBUG 8116 --- [contactService] [           main] org.hibernate.SQL                        : 
    insert 
    into
        mensajes_contacto
        (asunto, email, estado, fecha_actualizacion, fecha_creacion, mensaje, nombre, numero_telefono, respondido_por, respuesta, usuario_id, id) 
    values
        (?, ?, ?, ?, ?, ?, ?, ?, ?, ?, ?, default)
2026-06-30T18:55:10.058-04:00  INFO 8116 --- [contactService] [           main] c.r.c.service.MensajeContactoService     : Mensaje de contacto creado exitosamente con ID: 13
]]></system-out>
  </testcase>
</testsuite>